  main.cpp
c:\drisnyaultimatepack\code\c&c++\okami\okami\main.cpp(192): warning C4244: 'argument': conversion from 'double' to 'FLOAT', possible loss of data
c:\drisnyaultimatepack\code\c&c++\okami\okami\main.cpp(390): warning C4244: 'initializing': conversion from 'float' to 'int', possible loss of data
c:\drisnyaultimatepack\code\c&c++\okami\okami\main.cpp(401): warning C4244: 'argument': conversion from 'int' to 'FLOAT', possible loss of data
c:\drisnyaultimatepack\code\c&c++\okami\okami\main.cpp(407): warning C4244: 'argument': conversion from 'int' to 'FLOAT', possible loss of data
c:\drisnyaultimatepack\code\c&c++\okami\okami\main.cpp(410): warning C4244: 'argument': conversion from 'int' to 'FLOAT', possible loss of data
c:\drisnyaultimatepack\code\c&c++\okami\okami\main.cpp(419): warning C4244: 'argument': conversion from 'int' to 'FLOAT', possible loss of data
c:\drisnyaultimatepack\code\c&c++\okami\okami\main.cpp(425): warning C4244: 'argument': conversion from 'int' to 'FLOAT', possible loss of data
c:\drisnyaultimatepack\code\c&c++\okami\okami\main.cpp(428): warning C4244: 'argument': conversion from 'int' to 'FLOAT', possible loss of data
c:\drisnyaultimatepack\code\c&c++\okami\okami\main.cpp(439): warning C4244: 'argument': conversion from 'int' to 'FLOAT', possible loss of data
c:\drisnyaultimatepack\code\c&c++\okami\okami\main.cpp(445): warning C4244: 'argument': conversion from 'int' to 'FLOAT', possible loss of data
c:\drisnyaultimatepack\code\c&c++\okami\okami\main.cpp(448): warning C4244: 'argument': conversion from 'int' to 'FLOAT', possible loss of data
c:\drisnyaultimatepack\code\c&c++\okami\okami\main.cpp(464): warning C4244: 'argument': conversion from 'int' to 'FLOAT', possible loss of data
c:\drisnyaultimatepack\code\c&c++\okami\okami\main.cpp(470): warning C4244: 'argument': conversion from 'int' to 'FLOAT', possible loss of data
c:\drisnyaultimatepack\code\c&c++\okami\okami\main.cpp(473): warning C4244: 'argument': conversion from 'int' to 'FLOAT', possible loss of data
c:\drisnyaultimatepack\code\c&c++\okami\okami\main.cpp(482): warning C4244: 'argument': conversion from 'int' to 'FLOAT', possible loss of data
c:\drisnyaultimatepack\code\c&c++\okami\okami\main.cpp(488): warning C4244: 'argument': conversion from 'int' to 'FLOAT', possible loss of data
c:\drisnyaultimatepack\code\c&c++\okami\okami\main.cpp(491): warning C4244: 'argument': conversion from 'int' to 'FLOAT', possible loss of data
c:\drisnyaultimatepack\code\c&c++\okami\okami\main.cpp(506): warning C4244: 'argument': conversion from 'int' to 'FLOAT', possible loss of data
c:\drisnyaultimatepack\code\c&c++\okami\okami\main.cpp(513): warning C4244: '=': conversion from 'int' to 'float', possible loss of data
c:\drisnyaultimatepack\code\c&c++\okami\okami\main.cpp(515): warning C4244: 'argument': conversion from 'int' to 'FLOAT', possible loss of data
c:\drisnyaultimatepack\code\c&c++\okami\okami\main.cpp(520): warning C4244: '=': conversion from 'int' to 'float', possible loss of data
c:\drisnyaultimatepack\code\c&c++\okami\okami\main.cpp(522): warning C4244: 'argument': conversion from 'int' to 'FLOAT', possible loss of data
c:\drisnyaultimatepack\code\c&c++\okami\okami\main.cpp(530): warning C4244: 'argument': conversion from 'int' to 'FLOAT', possible loss of data
c:\drisnyaultimatepack\code\c&c++\okami\okami\main.cpp(566): warning C4244: 'initializing': conversion from 'double' to 'int', possible loss of data
c:\drisnyaultimatepack\code\c&c++\okami\okami\main.cpp(677): warning C4244: 'argument': conversion from 'int' to 'FLOAT', possible loss of data
c:\drisnyaultimatepack\code\c&c++\okami\okami\main.cpp(678): warning C4244: 'argument': conversion from 'int' to 'FLOAT', possible loss of data
c:\drisnyaultimatepack\code\c&c++\okami\okami\main.cpp(156): warning C4101: 'hr1': unreferenced local variable
c:\drisnyaultimatepack\code\c&c++\okami\okami\main.cpp(385): warning C4101: 'DetW': unreferenced local variable
  Okami.vcxproj -> C:\DrisnyaUltimatePack\Code\c&c++\Okami\x64\Debug\Okami.exe
